  Building Custom Rule D:/darknet/CMakeLists.txt
  CMake does not need to re-run because D:/darknet/CMakeFiles/generate.stamp is up-to-date.
  yolo_v2_class.cpp
  activation_layer.c
  activations.c
  art.c
  avgpool_layer.c
  batchnorm_layer.c
  blas.c
  box.c
  captcha.c
  cifar.c
  classifier.c
  coco.c
  col2im.c
  compare.c
  connected_layer.c
  convolutional_layer.c
  cost_layer.c
  cpu_gemm.c
  crnn_layer.c
  crop_layer.c
  Generating Code...
  Compiling...
  dark_cuda.c
  data.c
  deconvolutional_layer.c
  demo.c
  detection_layer.c
  detector.c
  dice.c
  dropout_layer.c
  gemm.c
  go.c
  gru_layer.c
  im2col.c
  image.c
  layer.c
  list.c
  local_layer.c
  lstm_layer.c
  matrix.c
  maxpool_layer.c
  network.c
  Generating Code...
  Compiling...
  nightmare.c
  normalization_layer.c
  option_list.c
  parser.c
  region_layer.c
  reorg_layer.c
  reorg_old_layer.c
  rnn.c
  rnn_layer.c
  rnn_vid.c
  route_layer.c
  shortcut_layer.c
  softmax_layer.c
  super.c
  swag.c
  tag.c
  tree.c
  upsample_layer.c
  utils.c
  voxel.c
  Generating Code...
  Compiling...
  writing.c
  yolo.c
  yolo_layer.c
  http_stream.cpp
D:\darknet\src\http_stream.cpp(492): warning C4200: nonstandard extension used: zero-sized array in struct/union
  D:\darknet\src\http_stream.cpp(492): note: This member will be ignored by a defaulted constructor or copy/move assignment operator
  image_opencv.cpp
D:\darknet\src\image_opencv.cpp(65): warning C4200: nonstandard extension used: zero-sized array in struct/union
  D:\darknet\src\image_opencv.cpp(65): note: This member will be ignored by a defaulted constructor or copy/move assignment operator
D:\darknet\src\image_opencv.cpp(66): warning C4200: nonstandard extension used: zero-sized array in struct/union
  D:\darknet\src\image_opencv.cpp(66): note: This member will be ignored by a defaulted constructor or copy/move assignment operator
D:\darknet\src\image_opencv.cpp(67): warning C4200: nonstandard extension used: zero-sized array in struct/union
  D:\darknet\src\image_opencv.cpp(67): note: This member will be ignored by a defaulted constructor or copy/move assignment operator
  gettimeofday.c
  getopt.c
  Generating Code...
     Creating library D:/darknet/Release/darklib.lib and object D:/darknet/Release/darklib.exp
  darklib.vcxproj -> D:\darknet\Release\darklib.dll
